mobile-app/android/admin-dpc/build/outputs/mapping/release/seeds.txt
com.securefinance.emilock.admin.AdminReceiver
com.securefinance.emilock.admin.AdminReceiver: AdminReceiver()
...
androidx.lifecycle.FullLifecycleObserverAdapter
androidx.core.app.RemoteActionCompat
androidx.core.graphics.drawable.IconCompatParcelizer
androidx.lifecycle.Lifecycling$1
androidx.lifecycle.SingleGeneratedAdapterObserver
androidx.annotation.Keep
android.support.v4.graphics.drawable.IconCompatParcelizer
androidx.versionedparcelable.ParcelImpl
androidx.lifecycle.ReflectiveGenericLifecycleObserver
androidx.versionedparcelable.CustomVersionedParcelable
androidx.lifecycle.CompositeGeneratedAdaptersObserver
androidx.core.app.RemoteActionCompatParcelizer
android.support.v4.app.RemoteActionCompatParcelizer
androidx.core.graphics.drawable.IconCompat
androidx.core.app.CoreComponentFactory
androidx.versionedparcelable.ParcelImpl: android.os.Parcelable$Creator CREATOR
android.support.v4.app.RemoteActionCompatParcelizer: RemoteActionCompatParcelizer()
androidx.core.app.CoreComponentFactory: CoreComponentFactory()
androidx.core.graphics.drawable.IconCompatParcelizer: IconCompatParcelizer()
androidx.core.graphics.drawable.IconCompat$Api28Impl: int getResId(java.lang.Object)
androidx.core.graphics.drawable.IconCompat$Api26Impl: android.graphics.drawable.Icon createWithAdaptiveBitmap(android.graphics.Bitmap)
androidx.core.graphics.drawable.IconCompat$Api28Impl: int getType(java.lang.Object)
androidx.core.graphics.drawable.IconCompat$Api30Impl: android.graphics.drawable.Icon createWithAdaptiveBitmapContentUri(android.net.Uri)
androidx.core.graphics.drawable.IconCompat$Api28Impl: android.net.Uri getUri(java.lang.Object)
android.support.v4.graphics.drawable.IconCompatParcelizer: void write(androidx.core.graphics.drawable.IconCompat,androidx.versionedparcelable.VersionedParcel)
androidx.core.app.RemoteActionCompatParcelizer: void write(androidx.core.app.RemoteActionCompat,androidx.versionedparcelable.VersionedParcel)
androidx.core.graphics.drawable.IconCompat$Api26Impl: android.graphics.drawable.Drawable createAdaptiveIconDrawable(android.graphics.drawable.Drawable,android.graphics.drawable.Drawable)
android.support.v4.graphics.drawable.IconCompatParcelizer: IconCompatParcelizer()
android.support.v4.graphics.drawable.IconCompatParcelizer: androidx.core.graphics.drawable.IconCompat read(androidx.versionedparcelable.VersionedParcel)
androidx.core.graphics.drawable.IconCompat: IconCompat()
androidx.core.graphics.drawable.IconCompat$Api23Impl: android.graphics.drawable.Icon toIcon(androidx.core.graphics.drawable.IconCompat,android.content.Context)
androidx.core.graphics.drawable.IconCompat$Api28Impl: java.lang.String getResPackage(java.lang.Object)
androidx.core.app.RemoteActionCompat: RemoteActionCompat()
androidx.versionedparcelable.CustomVersionedParcelable: CustomVersionedParcelable()
androidx.core.graphics.drawable.IconCompat$Api23Impl: android.graphics.drawable.Drawable loadDrawable(android.graphics.drawable.Icon,android.content.Context)
androidx.core.graphics.drawable.IconCompatParcelizer: androidx.core.graphics.drawable.IconCompat read(androidx.versionedparcelable.VersionedParcel)
androidx.core.app.RemoteActionCompatParcelizer: RemoteActionCompatParcelizer()
androidx.core.app.RemoteActionCompatParcelizer: androidx.core.app.RemoteActionCompat read(androidx.versionedparcelable.VersionedParcel)
android.support.v4.app.RemoteActionCompatParcelizer: void write(androidx.core.app.RemoteActionCompat,androidx.versionedparcelable.VersionedParcel)
androidx.core.graphics.drawable.IconCompatParcelizer: void write(androidx.core.graphics.drawable.IconCompat,androidx.versionedparcelable.VersionedParcel)
android.support.v4.app.RemoteActionCompatParcelizer: androidx.core.app.RemoteActionCompat read(androidx.versionedparcelable.VersionedParcel)
androidx.core.graphics.drawable.IconCompat$Api23Impl: android.net.Uri getUri(java.lang.Object)