mobile-app/android/admin-dpc/build/outputs/mapping/release/mapping.txt
# compiler: R8
# compiler_version: 8.2.42
# min_api: 23
# common_typos_disable
# {"id":"com.android.tools.r8.mapping","version":"2.2"}
# pg_map_id: 775a69a
# pg_map_hash: SHA-256 775a69a65ba6244eca907b10009144daa89432a0c70e77f849291ffddcf59154
com.securefinance.emilock.admin.AdminReceiver -> com.securefinance.emilock.admin.AdminReceiver:
# {"id":"sourceFile","fileName":"AdminReceiver.java"}
...
androidx.core.graphics.drawable.IconCompat$Api23Impl -> R8$$REMOVED$$CLASS$$3:
# {"id":"sourceFile","fileName":"IconCompat.java"}
androidx.core.graphics.drawable.IconCompat$Api28Impl -> b.a:
# {"id":"sourceFile","fileName":"IconCompat.java"}
    1:1:int getResId(java.lang.Object):0:0 -> a
    1:1:java.lang.String getResPackage(java.lang.Object):0:0 -> b
    1:1:int getType(java.lang.Object):0:0 -> c
    1:1:android.net.Uri getUri(java.lang.Object):0:0 -> d
androidx.core.graphics.drawable.IconCompatParcelizer -> androidx.core.graphics.drawable.IconCompatParcelizer:
# {"id":"sourceFile","fileName":"IconCompatParcelizer.java"}
    9:18:int androidx.versionedparcelable.VersionedParcel.readInt(int,int):0:0 -> read
    9:18:androidx.core.graphics.drawable.IconCompat read(androidx.versionedparcelable.VersionedParcel):0 -> read
      # {"id":"com.android.tools.r8.rewriteFrame","conditions":["throws(Ljava/lang/NullPointerException;)"],"actions":["removeInnerFrames(1)"]}
      # {"id":"com.android.tools.r8.residualsignature","signature":"(Lc/b;)Landroidx/core/graphics/drawable/IconCompat;"}
    19:29:int androidx.versionedparcelable.VersionedParcelParcel.readInt():0:0 -> read
    19:29:int androidx.versionedparcelable.VersionedParcel.readInt(int,int):0 -> read
    19:29:androidx.core.graphics.drawable.IconCompat read(androidx.versionedparcelable.VersionedParcel):0 -> read
    30:39:byte[] androidx.versionedparcelable.VersionedParcel.readByteArray(byte[],int):0:0 -> read
    30:39:androidx.core.graphics.drawable.IconCompat read(androidx.versionedparcelable.VersionedParcel):0 -> read
    40:60:byte[] androidx.versionedparcelable.VersionedParcelParcel.readByteArray():0:0 -> read
    40:60:byte[] androidx.versionedparcelable.VersionedParcel.readByteArray(byte[],int):0 -> read
    40:60:androidx.core.graphics.drawable.IconCompat read(androidx.versionedparcelable.VersionedParcel):0 -> read
androidx.lifecycle.CompositeGeneratedAdaptersObserver -> androidx.lifecycle.CompositeGeneratedAdaptersObserver:
# {"id":"sourceFile","fileName":"CompositeGeneratedAdaptersObserver.java"}
androidx.lifecycle.FullLifecycleObserverAdapter -> androidx.lifecycle.FullLifecycleObserverAdapter:
# {"id":"sourceFile","fileName":"FullLifecycleObserverAdapter.java"}
androidx.lifecycle.Lifecycling$1 -> androidx.lifecycle.Lifecycling$1:
# {"id":"sourceFile","fileName":"Lifecycling.java"}
androidx.lifecycle.ReflectiveGenericLifecycleObserver -> androidx.lifecycle.ReflectiveGenericLifecycleObserver:
# {"id":"sourceFile","fileName":"ReflectiveGenericLifecycleObserver.java"}
androidx.lifecycle.SingleGeneratedAdapterObserver -> androidx.lifecycle.SingleGeneratedAdapterObserver:
# {"id":"sourceFile","fileName":"SingleGeneratedAdapterObserver.java"}
androidx.versionedparcelable.CustomVersionedParcelable -> androidx.versionedparcelable.CustomVersionedParcelable:
# {"id":"sourceFile","fileName":"CustomVersionedParcelable.java"}
androidx.versionedparcelable.ParcelImpl -> androidx.versionedparcelable.ParcelImpl:
# {"id":"sourceFile","fileName":"ParcelImpl.java"}
    androidx.versionedparcelable.VersionedParcelable mParcel -> a
      # {"id":"com.android.tools.r8.residualsignature","signature":"Lc/d;"}
    3:8:void androidx.versionedparcelable.ParcelImpl$1.<init>():0:0 -> <clinit>
    3:8:void <clinit>():0 -> <clinit>
androidx.versionedparcelable.ParcelImpl$1 -> c.a:
# {"id":"sourceFile","fileName":"ParcelImpl.java"}
    1:6:androidx.versionedparcelable.ParcelImpl androidx.versionedparcelable.ParcelImpl$1.createFromParcel(android.os.Parcel):0:0 -> createFromParcel
    1:6:java.lang.Object createFromParcel(android.os.Parcel):0 -> createFromParcel
    1:3:androidx.versionedparcelable.ParcelImpl[] androidx.versionedparcelable.ParcelImpl$1.newArray(int):0:0 -> newArray
    1:3:java.lang.Object[] newArray(int):0 -> newArray