mobile-app/android/admin-dpc/build/outputs/mapping/release/usage.txt
com.securefinance.emilock.admin.AdminReceiver:
    private static final java.lang.String TAG
com.securefinance.emilock.admin.BuildConfig
com.securefinance.emilock.admin.R$string
com.securefinance.emilock.admin.R$xml
com.securefinance.emilock.admin.R
...
androidx.core.graphics.PathParser
androidx.core.graphics.PathSegment
androidx.core.graphics.PathUtils$Api26Impl
androidx.core.graphics.PathUtils
androidx.core.graphics.PictureKt
androidx.core.graphics.PointKt
androidx.core.graphics.PorterDuffKt
androidx.core.graphics.RectKt
androidx.core.graphics.RegionKt$iterator$1
androidx.core.graphics.RegionKt
androidx.core.graphics.ShaderKt
androidx.core.graphics.TypefaceCompat$ResourcesCallbackAdapter
androidx.core.graphics.TypefaceCompat
androidx.core.graphics.TypefaceCompatApi21Impl
androidx.core.graphics.TypefaceCompatApi24Impl
androidx.core.graphics.TypefaceCompatApi26Impl
androidx.core.graphics.TypefaceCompatApi28Impl
androidx.core.graphics.TypefaceCompatApi29Impl
androidx.core.graphics.TypefaceCompatBaseImpl$1
androidx.core.graphics.TypefaceCompatBaseImpl$2
androidx.core.graphics.TypefaceCompatBaseImpl$3
androidx.core.graphics.TypefaceCompatBaseImpl$StyleExtractor
androidx.core.graphics.TypefaceCompatBaseImpl
androidx.core.graphics.TypefaceCompatUtil$Api19Impl
androidx.core.graphics.TypefaceCompatUtil
androidx.core.graphics.WeightTypefaceApi14
androidx.core.graphics.WeightTypefaceApi21
androidx.core.graphics.WeightTypefaceApi26
androidx.core.graphics.drawable.BitmapDrawableKt
androidx.core.graphics.drawable.ColorDrawableKt
androidx.core.graphics.drawable.DrawableCompat$Api19Impl
androidx.core.graphics.drawable.DrawableCompat$Api21Impl
androidx.core.graphics.drawable.DrawableCompat$Api23Impl
androidx.core.graphics.drawable.DrawableCompat
androidx.core.graphics.drawable.DrawableKt
androidx.core.graphics.drawable.IconCompat$Api23Impl:
    private void <init>()
    static androidx.core.graphics.drawable.IconCompat createFromIcon(android.content.Context,android.graphics.drawable.Icon)
    static androidx.core.graphics.drawable.IconCompat createFromIconInner(java.lang.Object)
    static int getType(java.lang.Object)
androidx.core.graphics.drawable.IconCompat$Api26Impl:
    private void <init>()
androidx.core.graphics.drawable.IconCompat$Api28Impl:
    private void <init>()
androidx.core.graphics.drawable.IconCompat$Api30Impl:
    private void <init>()
androidx.core.graphics.drawable.IconCompat$IconType
androidx.core.graphics.drawable.IconCompat:
    private static final float ADAPTIVE_ICON_INSET_FACTOR
    private static final int AMBIENT_SHADOW_ALPHA
    private static final float BLUR_FACTOR
    private static final float DEFAULT_VIEW_PORT_SCALE
    static final java.lang.String EXTRA_INT1
    static final java.lang.String EXTRA_INT2
    static final java.lang.String EXTRA_OBJ
    static final java.lang.String EXTRA_STRING1
    static final java.lang.String EXTRA_TINT_LIST
    static final java.lang.String EXTRA_TINT_MODE
    static final java.lang.String EXTRA_TYPE
    private static final float ICON_DIAMETER_FACTOR
    private static final int KEY_SHADOW_ALPHA
    private static final float KEY_SHADOW_OFFSET_FACTOR
    private static final java.lang.String TAG
    public static final int TYPE_ADAPTIVE_BITMAP
    public static final int TYPE_BITMAP
    public static final int TYPE_DATA
    public static final int TYPE_RESOURCE
    public static final int TYPE_UNKNOWN
    public static final int TYPE_URI
    public static final int TYPE_URI_ADAPTIVE_BITMAP
    void <init>(int)
    public void addToShortcutIntent(android.content.Intent,android.graphics.drawable.Drawable,android.content.Context)
    public void checkResource(android.content.Context)
    public static androidx.core.graphics.drawable.IconCompat createFromBundle(android.os.Bundle)
androidx.core.graphics.drawable.IconKt
androidx.core.graphics.drawable.RoundedBitmapDrawable21
androidx.core.graphics.drawable.RoundedBitmapDrawable
androidx.core.graphics.drawable.RoundedBitmapDrawableFactory$DefaultRoundedBitmapDrawable
androidx.core.graphics.drawable.RoundedBitmapDrawableFactory
androidx.core.graphics.drawable.TintAwareDrawable
androidx.core.graphics.drawable.WrappedDrawable
androidx.core.graphics.drawable.WrappedDrawableApi14